<?xml version="1.0" encoding="UTF-8"?>
<testsuite xmlns:xsi="http://www.w3.org/2001/XMLSchema-instance" xsi:noNamespaceSchemaLocation="https://maven.apache.org/surefire/maven-surefire-plugin/xsd/surefire-test-report.xsd" name="com.desafiolatam.CalculadoraTest" time="0.07" tests="12" errors="0" skipped="0" failures="0">
  <properties>
    <property name="java.specification.version" value="17"/>
    <property name="sun.cpu.isalist" value="amd64"/>
    <property name="sun.jnu.encoding" value="Cp1252"/>
    <property name="java.class.path" value="C:\Curso_Java\espaciotrabajo\DesafioCalculadoraParte2_TDD\target\test-classes;C:\Curso_Java\espaciotrabajo\DesafioCalculadoraParte2_TDD\target\classes;C:\Users\Darío\.m2\repository\junit\junit\4.11\junit-4.11.jar;C:\Users\Darío\.m2\repository\org\hamcrest\hamcrest-core\1.3\hamcrest-core-1.3.jar;C:\Users\Darío\.m2\repository\org\junit\jupiter\junit-jupiter-api\5.8.2\junit-jupiter-api-5.8.2.jar;C:\Users\Darío\.m2\repository\org\opentest4j\opentest4j\1.2.0\opentest4j-1.2.0.jar;C:\Users\Darío\.m2\repository\org\junit\platform\junit-platform-commons\1.8.2\junit-platform-commons-1.8.2.jar;C:\Users\Darío\.m2\repository\org\apiguardian\apiguardian-api\1.1.2\apiguardian-api-1.1.2.jar;"/>
    <property name="java.vm.vendor" value="Eclipse Adoptium"/>
    <property name="sun.arch.data.model" value="64"/>
    <property name="user.variant" value=""/>
    <property name="java.vendor.url" value="https://adoptium.net/"/>
    <property name="user.timezone" value="America/Santiago"/>
    <property name="os.name" value="Windows 10"/>
    <property name="java.vm.specification.version" value="17"/>
    <property name="sun.java.launcher" value="SUN_STANDARD"/>
    <property name="user.country" value="CL"/>
    <property name="sun.boot.library.path" value="C:\Users\Darío\.p2\pool\plugins\org.eclipse.justj.openjdk.hotspot.jre.full.win32.x86_64_17.0.1.v20211116-1657\jre\bin"/>
    <property name="sun.java.command" value="C:\Users\DARO~1\AppData\Local\Temp\surefire10757645282094523154\surefirebooter5586067089283446114.jar C:\Users\Darío\AppData\Local\Temp\surefire10757645282094523154 2022-01-28T12-28-51_019-jvmRun1 surefire1515720289926122185tmp surefire_012185130678207667303tmp"/>
    <property name="jdk.debug" value="release"/>
    <property name="surefire.test.class.path" value="C:\Curso_Java\espaciotrabajo\DesafioCalculadoraParte2_TDD\target\test-classes;C:\Curso_Java\espaciotrabajo\DesafioCalculadoraParte2_TDD\target\classes;C:\Users\Darío\.m2\repository\junit\junit\4.11\junit-4.11.jar;C:\Users\Darío\.m2\repository\org\hamcrest\hamcrest-core\1.3\hamcrest-core-1.3.jar;C:\Users\Darío\.m2\repository\org\junit\jupiter\junit-jupiter-api\5.8.2\junit-jupiter-api-5.8.2.jar;C:\Users\Darío\.m2\repository\org\opentest4j\opentest4j\1.2.0\opentest4j-1.2.0.jar;C:\Users\Darío\.m2\repository\org\junit\platform\junit-platform-commons\1.8.2\junit-platform-commons-1.8.2.jar;C:\Users\Darío\.m2\repository\org\apiguardian\apiguardian-api\1.1.2\apiguardian-api-1.1.2.jar;"/>
    <property name="sun.cpu.endian" value="little"/>
    <property name="user.home" value="C:\Users\Darío"/>
    <property name="user.language" value="es"/>
    <property name="java.specification.vendor" value="Oracle Corporation"/>
    <property name="java.version.date" value="2021-10-19"/>
    <property name="java.home" value="C:\Users\Darío\.p2\pool\plugins\org.eclipse.justj.openjdk.hotspot.jre.full.win32.x86_64_17.0.1.v20211116-1657\jre"/>
    <property name="file.separator" value="\"/>
    <property name="basedir" value="C:\Curso_Java\espaciotrabajo\DesafioCalculadoraParte2_TDD"/>
    <property name="java.vm.compressedOopsMode" value="32-bit"/>
    <property name="line.separator" value="&#10;"/>
    <property name="java.vm.specification.vendor" value="Oracle Corporation"/>
    <property name="java.specification.name" value="Java Platform API Specification"/>
    <property name="surefire.real.class.path" value="C:\Users\DARO~1\AppData\Local\Temp\surefire10757645282094523154\surefirebooter5586067089283446114.jar"/>
    <property name="user.script" value=""/>
    <property name="sun.management.compiler" value="HotSpot 64-Bit Tiered Compilers"/>
    <property name="java.runtime.version" value="17.0.1+12"/>
    <property name="user.name" value="Darío"/>
    <property name="path.separator" value=";"/>
    <property name="os.version" value="10.0"/>
    <property name="java.runtime.name" value="OpenJDK Runtime Environment"/>
    <property name="file.encoding" value="Cp1252"/>
    <property name="java.vm.name" value="OpenJDK 64-Bit Server VM"/>
    <property name="java.vendor.version" value="Temurin-17.0.1+12"/>
    <property name="localRepository" value="C:\Users\Darío\.m2\repository"/>
    <property name="java.vendor.url.bug" value="https://github.com/adoptium/adoptium-support/issues"/>
    <property name="java.io.tmpdir" value="C:\Users\DARO~1\AppData\Local\Temp\"/>
    <property name="java.version" value="17.0.1"/>
    <property name="user.dir" value="C:\Curso_Java\espaciotrabajo\DesafioCalculadoraParte2_TDD"/>
    <property name="os.arch" value="amd64"/>
    <property name="java.vm.specification.name" value="Java Virtual Machine Specification"/>
    <property name="sun.os.patch.level" value=""/>
    <property name="native.encoding" value="Cp1252"/>
    <property name="java.library.path" value="C:\Users\Darío\.p2\pool\plugins\org.eclipse.justj.openjdk.hotspot.jre.full.win32.x86_64_17.0.1.v20211116-1657\jre\bin;C:\Windows\Sun\Java\bin;C:\Windows\system32;C:\Windows;C:/Users/Darío/.p2/pool/plugins/org.eclipse.justj.openjdk.hotspot.jre.full.win32.x86_64_17.0.1.v20211116-1657/jre/bin/server;C:/Users/Darío/.p2/pool/plugins/org.eclipse.justj.openjdk.hotspot.jre.full.win32.x86_64_17.0.1.v20211116-1657/jre/bin;C:\Program Files\Common Files\Oracle\Java\javapath;C:\Windows\system32;C:\Windows;C:\Windows\System32\Wbem;C:\Windows\System32\WindowsPowerShell\v1.0\;C:\Windows\System32\OpenSSH\;C:\Program Files (x86)\NVIDIA Corporation\PhysX\Common;C:\Program Files\NVIDIA Corporation\NVIDIA NvDLISR;C:\Program Files\Git\cmd;C:\Users\Darío\AppData\Local\Microsoft\WindowsApps;;C:\Users\Darío\AppData\Local\Programs\Microsoft VS Code\bin;C:\Users\Darío\Dropbox\Mi PC (LAPTOP-RB9G2633)\Desktop;;."/>
    <property name="java.vm.info" value="mixed mode"/>
    <property name="java.vendor" value="Eclipse Adoptium"/>
    <property name="java.vm.version" value="17.0.1+12"/>
    <property name="sun.io.unicode.encoding" value="UnicodeLittle"/>
    <property name="java.class.version" value="61.0"/>
  </properties>
  <testcase name="metodopruebaRestarNotEquals" classname="com.desafiolatam.CalculadoraTest" time="0.009"/>
  <testcase name="metodopruebaSumarNotEquals" classname="com.desafiolatam.CalculadoraTest" time="0"/>
  <testcase name="metodopruebaMultiplicarNotEquals" classname="com.desafiolatam.CalculadoraTest" time="0.001"/>
  <testcase name="metodoPruebaDividir" classname="com.desafiolatam.CalculadoraTest" time="0"/>
  <testcase name="metodoPruebaRestarEquals" classname="com.desafiolatam.CalculadoraTest" time="0.001"/>
  <testcase name="metodoPruebaMultiplicar" classname="com.desafiolatam.CalculadoraTest" time="0"/>
  <testcase name="metodoPruebaRestarNotNull" classname="com.desafiolatam.CalculadoraTest" time="0.001"/>
  <testcase name="metodoPruebaDividirNotNull" classname="com.desafiolatam.CalculadoraTest" time="0.001"/>
  <testcase name="metodoPruebaSumarNotNull" classname="com.desafiolatam.CalculadoraTest" time="0"/>
  <testcase name="metodoPruebaMultiplicarNotNull" classname="com.desafiolatam.CalculadoraTest" time="0"/>
  <testcase name="metodopruebaDividirNotEquals" classname="com.desafiolatam.CalculadoraTest" time="0"/>
  <testcase name="metodoPruebaSumar" classname="com.desafiolatam.CalculadoraTest" time="0.001"/>
</testsuite>